<?xml version="1.0" encoding="UTF-8"?>
<!-- Generated by org.testng.reporters.JUnitReportReporter -->
<testsuite hostname="SBMEDLAPBANAR7" name="pkgfinacletrade.ClassSearchGoogle" tests="1" failures="0" timestamp="14 Feb 2018 18:27:28 GMT" time="15.801" errors="0">
  <testcase name="testBusquedaGoogle" time="15.801" classname="pkgfinacletrade.ClassSearchGoogle"/>
</testsuite> <!-- pkgfinacletrade.ClassSearchGoogle -->
