<?xml version="1.0" encoding="UTF-8"?>
<!-- Generated by org.testng.reporters.JUnitReportReporter -->
<testsuite hostname="SBMEDLAPBANAR7" name="pkgfinacletrade.TcRegistroMercuryTours" tests="1" failures="0" timestamp="14 Feb 2018 21:18:27 GMT" time="29.303" errors="0">
  <testcase name="testTcRegistro" time="29.303" classname="pkgfinacletrade.TcRegistroMercuryTours"/>
</testsuite> <!-- pkgfinacletrade.TcRegistroMercuryTours -->
