<?xml version="1.0" encoding="UTF-8"?>
<!-- Generated by org.testng.reporters.JUnitReportReporter -->
<testsuite hostname="SBMEDLAPBANAR7" name="pkgfinacletrade.FinacleTrade" tests="1" failures="0" timestamp="18 Jan 2018 20:35:42 GMT" time="0.002" errors="1">
  <testcase name="testFinacleTrade" time="0.002" classname="pkgfinacletrade.FinacleTrade">
    <error type="org.openqa.selenium.WebDriverException" message="Failed to connect to binary FirefoxBinary(C:\Program Files (x86)\Mozilla Firefox\firefox.exe) on port 7055; process output follows: 
ull,&quot;homepageURL&quot;:null},&quot;visible&quot;:true,&quot;active&quot;:false,&quot;userDisabled&quot;:true,&quot;appDisabled&quot;:false,&quot;descriptor&quot;:&quot;C:\\Program Files (x86)\\HPE\\Unified Functional Testing\\\\Installations\\Firefox\\Agent.xpi&quot;,&quot;installDate&quot;:1502252129000,&quot;updateDate&quot;:1502252129000,&quot;applyBackgroundUpdates&quot;:1,&quot;bootstrap&quot;:true,&quot;skinnable&quot;:false,&quot;size&quot;:1785674,&quot;sourceURI&quot;:null,&quot;releaseNotesURI&quot;:null,&quot;softDisabled&quot;:false,&quot;foreignInstall&quot;:true,&quot;hasBinaryComponents&quot;:false,&quot;strictCompatibility&quot;:false,&quot;locales&quot;:[],&quot;targetApplications&quot;:[{&quot;id&quot;:&quot;{ec8030f7-c20a-464f-9b0e-13a3a9e97384}&quot;,&quot;minVersion&quot;:&quot;38.0a1&quot;,&quot;maxVersion&quot;:&quot;*&quot;}],&quot;targetPlatforms&quot;:[],&quot;multiprocessCompatible&quot;:false,&quot;signedState&quot;:2,&quot;seen&quot;:true,&quot;dependencies&quot;:[],&quot;hasEmbeddedWebExtension&quot;:false,&quot;mpcOptedOut&quot;:false}
1516307697354	DeferredSave.extensions.json	DEBUG	Save changes
1516307697354	addons.xpi	DEBUG	Updating database with changes to installed add-ons
1516307697354	addons.xpi-utils	DEBUG	Updating add-on states
1516307697355	addons.xpi-utils	DEBUG	Writing add-ons list
1516307697359	addons.xpi	DEBUG	Registering manifest for C:\Program Files (x86)\Mozilla Firefox\browser\features\aushelper@mozilla.org.xpi
1516307697360	addons.xpi	DEBUG	Calling bootstrap method startup on aushelper@mozilla.org version 2.0
1516307697362	addons.xpi	DEBUG	Registering manifest for C:\Program Files (x86)\Mozilla Firefox\browser\features\e10srollout@mozilla.org.xpi
1516307697363	addons.xpi	DEBUG	Calling bootstrap method startup on e10srollout@mozilla.org version 1.10
1516307697364	addons.xpi	DEBUG	Registering manifest for C:\Program Files (x86)\Mozilla Firefox\browser\features\firefox@getpocket.com.xpi
1516307697365	addons.xpi	DEBUG	Calling bootstrap method startup on firefox@getpocket.com version 1.0.5
1516307697368	addons.xpi	DEBUG	Registering manifest for C:\Program Files (x86)\Mozilla Firefox\browser\features\webcompat@mozilla.org.xpi
1516307697368	addons.xpi	DEBUG	Calling bootstrap method startup on webcompat@mozilla.org version 1.0
1516307697372	addons.manager	DEBUG	Registering shutdown blocker for XPIProvider
1516307697373	addons.manager	DEBUG	Provider finished startup: XPIProvider
1516307697373	addons.manager	DEBUG	Starting provider: LightweightThemeManager
1516307697373	addons.manager	DEBUG	Registering shutdown blocker for LightweightThemeManager
1516307697373	addons.manager	DEBUG	Provider finished startup: LightweightThemeManager
1516307697374	addons.manager	DEBUG	Starting provider: GMPProvider
1516307697384	addons.manager	DEBUG	Registering shutdown blocker for GMPProvider
1516307697385	addons.manager	DEBUG	Provider finished startup: GMPProvider
1516307697385	addons.manager	DEBUG	Starting provider: PluginProvider
1516307697385	addons.manager	DEBUG	Registering shutdown blocker for PluginProvider
1516307697385	addons.manager	DEBUG	Provider finished startup: PluginProvider
1516307697386	addons.manager	DEBUG	Completed startup sequence
1516307700615	addons.manager	DEBUG	Starting provider: &lt;unnamed-provider&gt;
1516307700615	addons.manager	DEBUG	Registering shutdown blocker for &lt;unnamed-provider&gt;
1516307700616	addons.manager	DEBUG	Provider finished startup: &lt;unnamed-provider&gt;
1516307700618	DeferredSave.extensions.json	DEBUG	Write succeeded
1516307700618	addons.xpi-utils	DEBUG	XPI Database saved, setting schema version preference to 19
1516307700618	DeferredSave.extensions.json	DEBUG	Starting timer
1516307700667	DeferredSave.extensions.json	DEBUG	Starting write
1516307700851	addons.repository	DEBUG	No addons.json found.
1516307700853	DeferredSave.addons.json	DEBUG	Save changes
1516307700857	DeferredSave.addons.json	DEBUG	Starting timer
1516307700913	addons.manager	DEBUG	Starting provider: PreviousExperimentProvider
1516307700913	addons.manager	DEBUG	Registering shutdown blocker for PreviousExperimentProvider
1516307700914	addons.manager	DEBUG	Provider finished startup: PreviousExperimentProvider
1516307700921	DeferredSave.addons.json	DEBUG	Starting write
1516307700960	DeferredSave.extensions.json	DEBUG	Write succeeded
1516307701027	DeferredSave.addons.json	DEBUG	Write succeeded

Build info: version: &#039;2.53.1&#039;, revision: &#039;a36b8b1&#039;, time: &#039;2016-06-30 17:32:46&#039;
System info: host: &#039;SBMEDLAPBANAR7&#039;, ip: &#039;172.23.81.87&#039;, os.name: &#039;Windows 7&#039;, os.arch: &#039;amd64&#039;, os.version: &#039;6.1&#039;, java.version: &#039;1.8.0_101&#039;
Driver info: driver.version: FirefoxDriver">
      <![CDATA[org.openqa.selenium.WebDriverException: Failed to connect to binary FirefoxBinary(C:\Program Files (x86)\Mozilla Firefox\firefox.exe) on port 7055; process output follows: 
ull,"homepageURL":null},"visible":true,"active":false,"userDisabled":true,"appDisabled":false,"descriptor":"C:\\Program Files (x86)\\HPE\\Unified Functional Testing\\\\Installations\\Firefox\\Agent.xpi","installDate":1502252129000,"updateDate":1502252129000,"applyBackgroundUpdates":1,"bootstrap":true,"skinnable":false,"size":1785674,"sourceURI":null,"releaseNotesURI":null,"softDisabled":false,"foreignInstall":true,"hasBinaryComponents":false,"strictCompatibility":false,"locales":[],"targetApplications":[{"id":"{ec8030f7-c20a-464f-9b0e-13a3a9e97384}","minVersion":"38.0a1","maxVersion":"*"}],"targetPlatforms":[],"multiprocessCompatible":false,"signedState":2,"seen":true,"dependencies":[],"hasEmbeddedWebExtension":false,"mpcOptedOut":false}
1516307697354	DeferredSave.extensions.json	DEBUG	Save changes
1516307697354	addons.xpi	DEBUG	Updating database with changes to installed add-ons
1516307697354	addons.xpi-utils	DEBUG	Updating add-on states
1516307697355	addons.xpi-utils	DEBUG	Writing add-ons list
1516307697359	addons.xpi	DEBUG	Registering manifest for C:\Program Files (x86)\Mozilla Firefox\browser\features\aushelper@mozilla.org.xpi
1516307697360	addons.xpi	DEBUG	Calling bootstrap method startup on aushelper@mozilla.org version 2.0
1516307697362	addons.xpi	DEBUG	Registering manifest for C:\Program Files (x86)\Mozilla Firefox\browser\features\e10srollout@mozilla.org.xpi
1516307697363	addons.xpi	DEBUG	Calling bootstrap method startup on e10srollout@mozilla.org version 1.10
1516307697364	addons.xpi	DEBUG	Registering manifest for C:\Program Files (x86)\Mozilla Firefox\browser\features\firefox@getpocket.com.xpi
1516307697365	addons.xpi	DEBUG	Calling bootstrap method startup on firefox@getpocket.com version 1.0.5
1516307697368	addons.xpi	DEBUG	Registering manifest for C:\Program Files (x86)\Mozilla Firefox\browser\features\webcompat@mozilla.org.xpi
1516307697368	addons.xpi	DEBUG	Calling bootstrap method startup on webcompat@mozilla.org version 1.0
1516307697372	addons.manager	DEBUG	Registering shutdown blocker for XPIProvider
1516307697373	addons.manager	DEBUG	Provider finished startup: XPIProvider
1516307697373	addons.manager	DEBUG	Starting provider: LightweightThemeManager
1516307697373	addons.manager	DEBUG	Registering shutdown blocker for LightweightThemeManager
1516307697373	addons.manager	DEBUG	Provider finished startup: LightweightThemeManager
1516307697374	addons.manager	DEBUG	Starting provider: GMPProvider
1516307697384	addons.manager	DEBUG	Registering shutdown blocker for GMPProvider
1516307697385	addons.manager	DEBUG	Provider finished startup: GMPProvider
1516307697385	addons.manager	DEBUG	Starting provider: PluginProvider
1516307697385	addons.manager	DEBUG	Registering shutdown blocker for PluginProvider
1516307697385	addons.manager	DEBUG	Provider finished startup: PluginProvider
1516307697386	addons.manager	DEBUG	Completed startup sequence
1516307700615	addons.manager	DEBUG	Starting provider: <unnamed-provider>
1516307700615	addons.manager	DEBUG	Registering shutdown blocker for <unnamed-provider>
1516307700616	addons.manager	DEBUG	Provider finished startup: <unnamed-provider>
1516307700618	DeferredSave.extensions.json	DEBUG	Write succeeded
1516307700618	addons.xpi-utils	DEBUG	XPI Database saved, setting schema version preference to 19
1516307700618	DeferredSave.extensions.json	DEBUG	Starting timer
1516307700667	DeferredSave.extensions.json	DEBUG	Starting write
1516307700851	addons.repository	DEBUG	No addons.json found.
1516307700853	DeferredSave.addons.json	DEBUG	Save changes
1516307700857	DeferredSave.addons.json	DEBUG	Starting timer
1516307700913	addons.manager	DEBUG	Starting provider: PreviousExperimentProvider
1516307700913	addons.manager	DEBUG	Registering shutdown blocker for PreviousExperimentProvider
1516307700914	addons.manager	DEBUG	Provider finished startup: PreviousExperimentProvider
1516307700921	DeferredSave.addons.json	DEBUG	Starting write
1516307700960	DeferredSave.extensions.json	DEBUG	Write succeeded
1516307701027	DeferredSave.addons.json	DEBUG	Write succeeded

Build info: version: '2.53.1', revision: 'a36b8b1', time: '2016-06-30 17:32:46'
System info: host: 'SBMEDLAPBANAR7', ip: '172.23.81.87', os.name: 'Windows 7', os.arch: 'amd64', os.version: '6.1', java.version: '1.8.0_101'
Driver info: driver.version: FirefoxDriver
	at org.openqa.selenium.firefox.internal.NewProfileExtensionConnection.start(NewProfileExtensionConnection.java:124)
	at org.openqa.selenium.firefox.FirefoxDriver.startClient(FirefoxDriver.java:271)
	at org.openqa.selenium.remote.RemoteWebDriver.<init>(RemoteWebDriver.java:119)
	at org.openqa.selenium.firefox.FirefoxDriver.<init>(FirefoxDriver.java:218)
	at org.openqa.selenium.firefox.FirefoxDriver.<init>(FirefoxDriver.java:211)
	at org.openqa.selenium.firefox.FirefoxDriver.<init>(FirefoxDriver.java:207)
	at org.openqa.selenium.firefox.FirefoxDriver.<init>(FirefoxDriver.java:120)
	at pkgfinacletrade.FinacleTrade.setUp(FinacleTrade.java:28)
	at sun.reflect.NativeMethodAccessorImpl.invoke0(Native Method)
	at sun.reflect.NativeMethodAccessorImpl.invoke(NativeMethodAccessorImpl.java:62)
	at sun.reflect.DelegatingMethodAccessorImpl.invoke(DelegatingMethodAccessorImpl.java:43)
	at java.lang.reflect.Method.invoke(Method.java:498)
	at org.testng.internal.MethodInvocationHelper.invokeMethod(MethodInvocationHelper.java:85)
	at org.testng.internal.Invoker.invokeConfigurationMethod(Invoker.java:510)
	at org.testng.internal.Invoker.invokeConfigurations(Invoker.java:211)
	at org.testng.internal.Invoker.invokeConfigurations(Invoker.java:138)
	at org.testng.internal.TestMethodWorker.invokeBeforeClassMethods(TestMethodWorker.java:170)
	at org.testng.internal.TestMethodWorker.run(TestMethodWorker.java:104)
	at org.testng.TestRunner.privateRun(TestRunner.java:774)
	at org.testng.TestRunner.run(TestRunner.java:624)
	at org.testng.SuiteRunner.runTest(SuiteRunner.java:359)
	at org.testng.SuiteRunner.runSequentially(SuiteRunner.java:354)
	at org.testng.SuiteRunner.privateRun(SuiteRunner.java:312)
	at org.testng.SuiteRunner.run(SuiteRunner.java:261)
	at org.testng.SuiteRunnerWorker.runSuite(SuiteRunnerWorker.java:52)
	at org.testng.SuiteRunnerWorker.run(SuiteRunnerWorker.java:86)
	at org.testng.TestNG.runSuitesSequentially(TestNG.java:1215)
	at org.testng.TestNG.runSuitesLocally(TestNG.java:1140)
	at org.testng.TestNG.run(TestNG.java:1048)
	at org.testng.remote.AbstractRemoteTestNG.run(AbstractRemoteTestNG.java:114)
	at org.testng.remote.RemoteTestNG.initAndRun(RemoteTestNG.java:251)
	at org.testng.remote.RemoteTestNG.main(RemoteTestNG.java:77)
Caused by: org.openqa.selenium.firefox.NotConnectedException: Unable to connect to host 127.0.0.1 on port 7055 after 45000 ms. Firefox console output:
ull,"homepageURL":null},"visible":true,"active":false,"userDisabled":true,"appDisabled":false,"descriptor":"C:\\Program Files (x86)\\HPE\\Unified Functional Testing\\\\Installations\\Firefox\\Agent.xpi","installDate":1502252129000,"updateDate":1502252129000,"applyBackgroundUpdates":1,"bootstrap":true,"skinnable":false,"size":1785674,"sourceURI":null,"releaseNotesURI":null,"softDisabled":false,"foreignInstall":true,"hasBinaryComponents":false,"strictCompatibility":false,"locales":[],"targetApplications":[{"id":"{ec8030f7-c20a-464f-9b0e-13a3a9e97384}","minVersion":"38.0a1","maxVersion":"*"}],"targetPlatforms":[],"multiprocessCompatible":false,"signedState":2,"seen":true,"dependencies":[],"hasEmbeddedWebExtension":false,"mpcOptedOut":false}
1516307697354	DeferredSave.extensions.json	DEBUG	Save changes
1516307697354	addons.xpi	DEBUG	Updating database with changes to installed add-ons
1516307697354	addons.xpi-utils	DEBUG	Updating add-on states
1516307697355	addons.xpi-utils	DEBUG	Writing add-ons list
1516307697359	addons.xpi	DEBUG	Registering manifest for C:\Program Files (x86)\Mozilla Firefox\browser\features\aushelper@mozilla.org.xpi
1516307697360	addons.xpi	DEBUG	Calling bootstrap method startup on aushelper@mozilla.org version 2.0
1516307697362	addons.xpi	DEBUG	Registering manifest for C:\Program Files (x86)\Mozilla Firefox\browser\features\e10srollout@mozilla.org.xpi
1516307697363	addons.xpi	DEBUG	Calling bootstrap method startup on e10srollout@mozilla.org version 1.10
1516307697364	addons.xpi	DEBUG	Registering manifest for C:\Program Files (x86)\Mozilla Firefox\browser\features\firefox@getpocket.com.xpi
1516307697365	addons.xpi	DEBUG	Calling bootstrap method startup on firefox@getpocket.com version 1.0.5
1516307697368	addons.xpi	DEBUG	Registering manifest for C:\Program Files (x86)\Mozilla Firefox\browser\features\webcompat@mozilla.org.xpi
1516307697368	addons.xpi	DEBUG	Calling bootstrap method startup on webcompat@mozilla.org version 1.0
1516307697372	addons.manager	DEBUG	Registering shutdown blocker for XPIProvider
1516307697373	addons.manager	DEBUG	Provider finished startup: XPIProvider
1516307697373	addons.manager	DEBUG	Starting provider: LightweightThemeManager
1516307697373	addons.manager	DEBUG	Registering shutdown blocker for LightweightThemeManager
1516307697373	addons.manager	DEBUG	Provider finished startup: LightweightThemeManager
1516307697374	addons.manager	DEBUG	Starting provider: GMPProvider
1516307697384	addons.manager	DEBUG	Registering shutdown blocker for GMPProvider
1516307697385	addons.manager	DEBUG	Provider finished startup: GMPProvider
1516307697385	addons.manager	DEBUG	Starting provider: PluginProvider
1516307697385	addons.manager	DEBUG	Registering shutdown blocker for PluginProvider
1516307697385	addons.manager	DEBUG	Provider finished startup: PluginProvider
1516307697386	addons.manager	DEBUG	Completed startup sequence
1516307700615	addons.manager	DEBUG	Starting provider: <unnamed-provider>
1516307700615	addons.manager	DEBUG	Registering shutdown blocker for <unnamed-provider>
1516307700616	addons.manager	DEBUG	Provider finished startup: <unnamed-provider>
1516307700618	DeferredSave.extensions.json	DEBUG	Write succeeded
1516307700618	addons.xpi-utils	DEBUG	XPI Database saved, setting schema version preference to 19
1516307700618	DeferredSave.extensions.json	DEBUG	Starting timer
1516307700667	DeferredSave.extensions.json	DEBUG	Starting write
1516307700851	addons.repository	DEBUG	No addons.json found.
1516307700853	DeferredSave.addons.json	DEBUG	Save changes
1516307700857	DeferredSave.addons.json	DEBUG	Starting timer
1516307700913	addons.manager	DEBUG	Starting provider: PreviousExperimentProvider
1516307700913	addons.manager	DEBUG	Registering shutdown blocker for PreviousExperimentProvider
1516307700914	addons.manager	DEBUG	Provider finished startup: PreviousExperimentProvider
1516307700921	DeferredSave.addons.json	DEBUG	Starting write
1516307700960	DeferredSave.extensions.json	DEBUG	Write succeeded
1516307701027	DeferredSave.addons.json	DEBUG	Write succeeded

	at org.openqa.selenium.firefox.internal.NewProfileExtensionConnection.start(NewProfileExtensionConnection.java:112)
	... 31 more
]]>
    </error>
  </testcase> <!-- testFinacleTrade -->
</testsuite> <!-- pkgfinacletrade.FinacleTrade -->
