<?xml version="1.0" encoding="UTF-8"?>
<!-- Generated by org.testng.reporters.JUnitReportReporter -->
<testsuite hostname="SBMEDLAPBANAR7" name="pkgfinacletrade.TcRegistro" tests="1" failures="0" timestamp="14 Feb 2018 18:37:10 GMT" time="8.032" errors="0">
  <testcase name="testTcRegistro" time="8.032" classname="pkgfinacletrade.TcRegistro"/>
</testsuite> <!-- pkgfinacletrade.TcRegistro -->
